<?xml version="1.0" encoding="UTF-8"?>
<!-- Generated by org.testng.reporters.JUnitXMLReporter -->
<testsuite ignored="0" hostname="Yeshwanth-Kuruvilla" failures="1" tests="5" name="BikeLoan" time="0.018" errors="0" timestamp="2025-01-24T15:13:48 IST">
  <testcase classname="TestNG.BikeLoan" name="bikeLoanAPILogin" time="0.003"/>
  <testcase classname="TestNG.BikeLoan" name="bikeLoanAPILogin" time="0.001"/>
  <testcase classname="TestNG.BikeLoan" name="bikeLoanAPILogin" time="0.002"/>
  <testcase classname="TestNG.BikeLoan" name="bikeLoanMobileLogin" time="0.001"/>
  <testcase classname="TestNG.BikeLoan" name="bikeLoanwebLogin" time="0.003">
    <failure type="java.lang.AssertionError" message="expected [true] but found [false]">
      <![CDATA[java.lang.AssertionError: expected [true] but found [false]
at TestNG.BikeLoan.bikeLoanwebLogin(BikeLoan.java:22)
at java.base/java.util.ArrayList.forEach(ArrayList.java:1597)
... Removed 29 stack frames]]>
    </failure>
  </testcase> <!-- bikeLoanwebLogin -->
</testsuite> <!-- BikeLoan -->
